<?xml version="1.0" encoding="UTF-8"?>
<testsuite xmlns:xsi="http://www.w3.org/2001/XMLSchema-instance" xsi:noNamespaceSchemaLocation="https://maven.apache.org/surefire/maven-surefire-plugin/xsd/surefire-test-report-3.0.xsd" version="3.0" name="Messing about with a second feature" time="73.303" tests="1" errors="0" skipped="0" failures="0">
  <properties>
[...]
</properties>
  <testcase name="The Cookie information banner contains the current information" classname="Messing about with a second feature" time="73.303">
    <system-out><![CDATA[
Scenario: The Cookie information banner contains the current information &amp#27;[90m# src/test/resources/features/CustomerInformationSecond.feature:10&amp#27;[0m
  &amp#27;[32mGiven &amp#27;[0m&amp#27;[32mI am on the &amp#27;[0m&amp#27;[32m&amp#27;[1m"index"&amp#27;[0m&amp#27;[32m page&amp#27;[0m                                         &amp#27;[90m# com.automation.stepdefs.IndexPageSteps.iAmOnThePage(java.lang.String)&amp#27;[0m
  &amp#27;[32mGiven &amp#27;[0m&amp#27;[32mthe Cookie banner is visible&amp#27;[0m                                     &amp#27;[90m# com.automation.stepdefs.IndexPageSteps.theCookieBannerIsVisible()&amp#27;[0m
  &amp#27;[32mThen &amp#27;[0m&amp#27;[32mI can close the Cookie banner successfully&amp#27;[0m                        &amp#27;[90m# com.automation.stepdefs.IndexPageSteps.iCanCloseTheCookieBannerSuccessfully()&amp#27;[0m
]]></system-out>
    <system-err><![CDATA[Starting ChromeDriver 87.0.4280.88 (89e2380a3e36c3464b5dd1302349b1382549290d-refs/branch-heads/4280@{#1761}) on port 17000
Only local connections are allowed.
Please see https://chromedriver.chromium.org/security-considerations for suggestions on keeping ChromeDriver safe.
ChromeDriver was started successfully.
Dec 02, 2020 10:08:01 PM org.openqa.selenium.remote.ProtocolHandshake createSession
INFO: Detected dialect: W3C
]]></system-err>
  </testcase>
</testsuite>